06-13-2016 @ 13:16:50 - Generating payment form for order 1411. Notify URL: http://dev.seigneurieiledorleans.com/wc-api/WC_Gateway_Paypal/
06-13-2016 @ 13:18:14 - Checking IPN response is valid
06-13-2016 @ 13:18:15 - IPN Request: Array
(
    [body] => Array
        (
            [cmd] => _notify-validate
            [mc_gross] => 21.22
            [invoice] => WC-1411
            [protection_eligibility] => Ineligible
            [item_number1] => LAV-2
            [tax] => 1.72
            [item_number2] => 
            [payer_id] => Q254QEUAAFF3A
            [payment_date] => 10:18:04 Jun 13, 2016 PDT
            [payment_status] => Denied
            [charset] => UTF-8
            [mc_shipping] => 0.00
            [mc_handling] => 0.00
            [first_name] => Remy
            [notify_version] => 3.8
            [custom] => {"order_id":1411,"order_key":"wc_order_575eea8242797"}
            [payer_status] => verified
            [business] => developpeurs-facilitator@prospection.qc.ca
            [num_cart_items] => 2
            [mc_handling1] => 0.00
            [mc_handling2] => 0.00
            [verify_sign] => AlVZbyzcmdxt9F4QCE48d3xBNTS5AbcrIl8PnlhoZQsQJdU66hahbfEI
            [payer_email] => remy@prospection.qc.ca
            [mc_shipping1] => 0.00
            [mc_shipping2] => 0.00
            [txn_id] => 4VX91638X7675423L
            [payment_type] => instant
            [payer_business_name] => Remy Vendeur's Test Store
            [last_name] => Vendeur
            [item_name1] => Huile essentielle (5 ml)
            [receiver_email] => developpeurs-facilitator@prospection.qc.ca
            [item_name2] => Livraison via Pour toute commande de moins de 80,00$, les frais de transport au Canada sont de
            [quantity1] => 1
            [quantity2] => 1
            [receiver_id] => P9DA76MM32W8C
            [pending_reason] => regulatory_review
            [txn_type] => cart
            [mc_gross_1] => 7.50
            [mc_currency] => CAD
            [mc_gross_2] => 12.00
            [residence_country] => CA
            [test_ipn] => 1
            [transaction_subject] => 
            [payment_gross] => 
            [ipn_track_id] => db94470960b12
        )

    [timeout] => 60
    [httpversion] => 1.1
    [compress] => 
    [decompress] => 
    [user-agent] => WooCommerce/2.5.5
)

06-13-2016 @ 13:18:15 - IPN Response: Array
(
    [headers] => Array
        (
            [date] => Mon, 13 Jun 2016 17:18:16 GMT
            [server] => Apache
            [x-frame-options] => SAMEORIGIN
            [set-cookie] => Array
                (
                    [0] => c9MWDuvPtT9GIMyPc3jwol1VSlO=myXzGASwFkfWrzeFbyjj8OeiJ95XPuRLphuTxA5Z0Jy0mP2m3z_NGezk0no0zTP2TBw9pZkTgEJHKRnzeUW0r03xK-l41Um21O6h-O_ZblVbN0PmsEOvlz1ImXquS84ADWr4yOgWM7SG7t65o2WaZznGYxcPdf34QXpfKlJm6-fVReG2wObGTISmPQFJdrOs7aoJcCR1z85_Ts89TM_6NJgaI1zDELDJz6ee2k00hdxNKgA8vpWInIsTAqZpUmzYHg2emoFrlnENVDZrJ948LtDLX-hZtZQqDPm_-OKm_dGNuHOVOtTzjYX_oFodLu_oWPEU27gB82W59iZ4kWxY-oslLbsM0tEMbm7NkM0cthky_Gh3JZEjAuTujZ2rMLQn_3HGJtICLQISObY_MKkSGOsYOLV9-7SERMnN83xKSHAcNJ3OXwClsOTNLsG; domain=.paypal.com; path=/; Secure; HttpOnly
                    [1] => cookie_check=yes; expires=Thu, 11-Jun-2026 17:18:16 GMT; domain=.paypal.com; path=/; Secure; HttpOnly
                    [2] => navcmd=_notify-validate; domain=.paypal.com; path=/; Secure; HttpOnly
                    [3] => navlns=0.0; expires=Wed, 13-Jun-2018 17:18:16 GMT; domain=.paypal.com; path=/; Secure; HttpOnly
                    [4] => Apache=10.72.108.11.1465838296189926; path=/; expires=Wed, 06-Jun-46 17:18:16 GMT
                    [5] => X-PP-SILOVER=name%3DSANDBOX3.WEB.1%26silo_version%3D1880%26app%3Dappdispatcher%26TIME%3D3639238231%26HTTP_X_PP_AZ_LOCATOR%3Dsandbox.slc; Expires=Mon, 13 Jun 2016 17:48:16 GMT; domain=.paypal.com; path=/; Secure; HttpOnly
                    [6] => X-PP-SILOVER=; Expires=Thu, 01 Jan 1970 00:00:01 GMT
                )

            [vary] => Accept-Encoding,User-Agent
            [connection] => close
            [http_x_pp_az_locator] => sandbox.slc
            [paypal-debug-id] => da0ce4f029774
            [strict-transport-security] => max-age=14400
            [transfer-encoding] => chunked
            [content-type] => text/html; charset=UTF-8
        )

    [body] => VERIFIED
    [response] => Array
        (
            [code] => 200
            [message] => OK
        )

    [cookies] => Array
        (
            [0] => WP_Http_Cookie Object
                (
                    [name] => c9MWDuvPtT9GIMyPc3jwol1VSlO
                    [value] => myXzGASwFkfWrzeFbyjj8OeiJ95XPuRLphuTxA5Z0Jy0mP2m3z_NGezk0no0zTP2TBw9pZkTgEJHKRnzeUW0r03xK-l41Um21O6h-O_ZblVbN0PmsEOvlz1ImXquS84ADWr4yOgWM7SG7t65o2WaZznGYxcPdf34QXpfKlJm6-fVReG2wObGTISmPQFJdrOs7aoJcCR1z85_Ts89TM_6NJgaI1zDELDJz6ee2k00hdxNKgA8vpWInIsTAqZpUmzYHg2emoFrlnENVDZrJ948LtDLX-hZtZQqDPm_-OKm_dGNuHOVOtTzjYX_oFodLu_oWPEU27gB82W59iZ4kWxY-oslLbsM0tEMbm7NkM0cthky_Gh3JZEjAuTujZ2rMLQn_3HGJtICLQISObY_MKkSGOsYOLV9-7SERMnN83xKSHAcNJ3OXwClsOTNLsG
                    [expires] => 
                    [path] => /
                    [domain] => .paypal.com
                    [secure] => 
                    [httponly] => 
                )

            [1] => WP_Http_Cookie Object
                (
                    [name] => cookie_check
                    [value] => yes
                    [expires] => 1781198296
                    [path] => /
                    [domain] => .paypal.com
                    [secure] => 
                    [httponly] => 
                )

            [2] => WP_Http_Cookie Object
                (
                    [name] => navcmd
                    [value] => _notify-validate
                    [expires] => 
                    [path] => /
                    [domain] => .paypal.com
                    [secure] => 
                    [httponly] => 
                )

            [3] => WP_Http_Cookie Object
                (
                    [name] => navlns
                    [value] => 0.0
                    [expires] => 1528910296
                    [path] => /
                    [domain] => .paypal.com
                    [secure] => 
                    [httponly] => 
                )

            [4] => WP_Http_Cookie Object
                (
                    [name] => Apache
                    [value] => 10.72.108.11.1465838296189926
                    [expires] => 
                    [path] => /
                    [domain] => www.sandbox.paypal.com
                )

            [5] => WP_Http_Cookie Object
                (
                    [name] => X-PP-SILOVER
                    [value] => name=SANDBOX3.WEB.1&silo_version=1880&app=appdispatcher&TIME=3639238231&HTTP_X_PP_AZ_LOCATOR=sandbox.slc
                    [expires] => 1465840096
                    [path] => /
                    [domain] => .paypal.com
                    [secure] => 
                    [httponly] => 
                )

            [6] => WP_Http_Cookie Object
                (
                    [name] => X-PP-SILOVER
                    [value] => 
                    [expires] => 1
                    [path] => /cgi-bin/
                    [domain] => www.sandbox.paypal.com
                )

        )

    [filename] => 
)

06-13-2016 @ 13:18:15 - Received valid response from PayPal
06-13-2016 @ 13:18:15 - Found order #1411
06-13-2016 @ 13:18:15 - Payment status: denied
06-13-2016 @ 13:25:15 - Checking IPN response is valid
06-13-2016 @ 13:25:17 - IPN Request: Array
(
    [body] => Array
        (
            [cmd] => _notify-validate
            [mc_gross] => 21.22
            [invoice] => WC-1411
            [protection_eligibility] => Ineligible
            [item_number1] => LAV-2
            [tax] => 1.72
            [item_number2] => 
            [payer_id] => Q254QEUAAFF3A
            [payment_date] => 10:18:04 Jun 13, 2016 PDT
            [payment_status] => Denied
            [charset] => UTF-8
            [mc_shipping] => 0.00
            [mc_handling] => 0.00
            [first_name] => Remy
            [notify_version] => 3.8
            [custom] => {"order_id":1411,"order_key":"wc_order_575eea8242797"}
            [payer_status] => verified
            [business] => developpeurs-facilitator@prospection.qc.ca
            [num_cart_items] => 2
            [mc_handling1] => 0.00
            [mc_handling2] => 0.00
            [verify_sign] => Ak6Qj1jpeYu7VBxie67MZzb1s41lAEprknhzDgNi6Lyd0uCBifhYUiK3
            [payer_email] => remy@prospection.qc.ca
            [mc_shipping1] => 0.00
            [mc_shipping2] => 0.00
            [tax1] => 0.00
            [tax2] => 0.00
            [txn_id] => 4VX91638X7675423L
            [payment_type] => instant
            [payer_business_name] => Remy Vendeur's Test Store
            [last_name] => Vendeur
            [item_name1] => Huile essentielle (5 ml)
            [receiver_email] => developpeurs-facilitator@prospection.qc.ca
            [item_name2] => Livraison via Pour toute commande de moins de 80,00$, les frais de transport au Canada sont de
            [quantity1] => 1
            [quantity2] => 1
            [receiver_id] => P9DA76MM32W8C
            [txn_type] => cart
            [mc_gross_1] => 7.50
            [mc_currency] => CAD
            [mc_gross_2] => 12.00
            [residence_country] => CA
            [test_ipn] => 1
            [transaction_subject] => 
            [payment_gross] => 
            [ipn_track_id] => db94470960b12
        )

    [timeout] => 60
    [httpversion] => 1.1
    [compress] => 
    [decompress] => 
    [user-agent] => WooCommerce/2.5.5
)

06-13-2016 @ 13:25:17 - IPN Response: Array
(
    [headers] => Array
        (
            [date] => Mon, 13 Jun 2016 17:25:17 GMT
            [server] => Apache
            [x-frame-options] => SAMEORIGIN
            [set-cookie] => Array
                (
                    [0] => c9MWDuvPtT9GIMyPc3jwol1VSlO=DaQJJnTJbyqDbtMRRsMhNEtqbOcsPVzylySdmQS6-bdcZ_ZeXXpr6N6rqwPdja6WB8V-IZ8sv8aJp_QOcCQUSENouEcY33zJrZswmJSba9wWJ5iUNPdLN8seKeVGT6dgqDgjeBei2j78y1NBKL93W8mDTEUzdMHVUxOAnHBsb59keTxyffwHsq3K6yTY-lmv1WMRhvICWXXIz7AZvcFlYC7_uSNC-ffBa7shp20Cf9DL14LktvOPpV6VjjZUbxTLXrKdDJ9y9nAsi32MPQamEy6VZ0OSmXqN2MBXAiPn4eM1d7Bg16sItrs1ATimj_FCq7P_XXe1Et9Bn5tbXsGyFjf6TeWGNYIKkgZoYlMf_lLLSjzoqONicycSFMwLOg8phkid8mQOKOdTiS_zPWXClQ11ZtGe06vqXKpaEBbE3Jj185atXlZHCAKWARa; domain=.paypal.com; path=/; Secure; HttpOnly
                    [1] => cookie_check=yes; expires=Thu, 11-Jun-2026 17:25:17 GMT; domain=.paypal.com; path=/; Secure; HttpOnly
                    [2] => navcmd=_notify-validate; domain=.paypal.com; path=/; Secure; HttpOnly
                    [3] => navlns=0.0; expires=Wed, 13-Jun-2018 17:25:17 GMT; domain=.paypal.com; path=/; Secure; HttpOnly
                    [4] => Apache=10.72.108.11.1465838717597952; path=/; expires=Wed, 06-Jun-46 17:25:17 GMT
                    [5] => X-PP-SILOVER=name%3DSANDBOX3.WEB.1%26silo_version%3D1880%26app%3Dappdispatcher%26TIME%3D2112642647%26HTTP_X_PP_AZ_LOCATOR%3Dsandbox.slc; Expires=Mon, 13 Jun 2016 17:55:18 GMT; domain=.paypal.com; path=/; Secure; HttpOnly
                    [6] => X-PP-SILOVER=; Expires=Thu, 01 Jan 1970 00:00:01 GMT
                )

            [vary] => Accept-Encoding,User-Agent
            [connection] => close
            [http_x_pp_az_locator] => sandbox.slc
            [paypal-debug-id] => 560d15758d417
            [strict-transport-security] => max-age=14400
            [transfer-encoding] => chunked
            [content-type] => text/html; charset=UTF-8
        )

    [body] => VERIFIED
    [response] => Array
        (
            [code] => 200
            [message] => OK
        )

    [cookies] => Array
        (
            [0] => WP_Http_Cookie Object
                (
                    [name] => c9MWDuvPtT9GIMyPc3jwol1VSlO
                    [value] => DaQJJnTJbyqDbtMRRsMhNEtqbOcsPVzylySdmQS6-bdcZ_ZeXXpr6N6rqwPdja6WB8V-IZ8sv8aJp_QOcCQUSENouEcY33zJrZswmJSba9wWJ5iUNPdLN8seKeVGT6dgqDgjeBei2j78y1NBKL93W8mDTEUzdMHVUxOAnHBsb59keTxyffwHsq3K6yTY-lmv1WMRhvICWXXIz7AZvcFlYC7_uSNC-ffBa7shp20Cf9DL14LktvOPpV6VjjZUbxTLXrKdDJ9y9nAsi32MPQamEy6VZ0OSmXqN2MBXAiPn4eM1d7Bg16sItrs1ATimj_FCq7P_XXe1Et9Bn5tbXsGyFjf6TeWGNYIKkgZoYlMf_lLLSjzoqONicycSFMwLOg8phkid8mQOKOdTiS_zPWXClQ11ZtGe06vqXKpaEBbE3Jj185atXlZHCAKWARa
                    [expires] => 
                    [path] => /
                    [domain] => .paypal.com
                    [secure] => 
                    [httponly] => 
                )

            [1] => WP_Http_Cookie Object
                (
                    [name] => cookie_check
                    [value] => yes
                    [expires] => 1781198717
                    [path] => /
                    [domain] => .paypal.com
                    [secure] => 
                    [httponly] => 
                )

            [2] => WP_Http_Cookie Object
                (
                    [name] => navcmd
                    [value] => _notify-validate
                    [expires] => 
                    [path] => /
                    [domain] => .paypal.com
                    [secure] => 
                    [httponly] => 
                )

            [3] => WP_Http_Cookie Object
                (
                    [name] => navlns
                    [value] => 0.0
                    [expires] => 1528910717
                    [path] => /
                    [domain] => .paypal.com
                    [secure] => 
                    [httponly] => 
                )

            [4] => WP_Http_Cookie Object
                (
                    [name] => Apache
                    [value] => 10.72.108.11.1465838717597952
                    [expires] => 
                    [path] => /
                    [domain] => www.sandbox.paypal.com
                )

            [5] => WP_Http_Cookie Object
                (
                    [name] => X-PP-SILOVER
                    [value] => name=SANDBOX3.WEB.1&silo_version=1880&app=appdispatcher&TIME=2112642647&HTTP_X_PP_AZ_LOCATOR=sandbox.slc
                    [expires] => 1465840518
                    [path] => /
                    [domain] => .paypal.com
                    [secure] => 
                    [httponly] => 
                )

            [6] => WP_Http_Cookie Object
                (
                    [name] => X-PP-SILOVER
                    [value] => 
                    [expires] => 1
                    [path] => /cgi-bin/
                    [domain] => www.sandbox.paypal.com
                )

        )

    [filename] => 
)

06-13-2016 @ 13:25:17 - Received valid response from PayPal
06-13-2016 @ 13:25:17 - Found order #1411
06-13-2016 @ 13:25:17 - Payment status: denied
